<?xml version="1.0" encoding="UTF-8"?>
<testsuite xmlns:xsi="http://www.w3.org/2001/XMLSchema-instance" xsi:noNamespaceSchemaLocation="https://maven.apache.org/surefire/maven-surefire-plugin/xsd/surefire-test-report.xsd" name="com.fortech.test.CalculatorTest" time="0.069" tests="2" errors="0" skipped="0" failures="0">
  <properties>
[...]
</properties>
  <testcase name="com.fortech.test.CalculatorTest.testAddMockito" classname="com.fortech.test.CalculatorTest" time="0.062"/>
  <testcase name="com.fortech.test.CalculatorTest.testAdd" classname="com.fortech.test.CalculatorTest" time="0"/>
</testsuite>